2025-10-21 18:39:32.646 [Main.GUI.MainApp.main()] ERROR Database.MongoManager - ❌ Failed to connect to MongoDB.
com.mongodb.MongoTimeoutException: Timed out while waiting for a server that matches ReadPreferenceServerSelector{readPreference=primary}. Client view of cluster state is {type=REPLICA_SET, servers=[{address=ac-aq6ded7-shard-00-00.god2vhg.mongodb.net:27017, type=UNKNOWN, state=CONNECTING, exception={com.mongodb.MongoSocketWriteException: Exception sending message}, caused by {javax.net.ssl.SSLException: (internal_error) Received fatal alert: internal_error}}, {address=ac-aq6ded7-shard-00-01.god2vhg.mongodb.net:27017, type=UNKNOWN, state=CONNECTING, exception={com.mongodb.MongoSocketWriteException: Exception sending message}, caused by {javax.net.ssl.SSLException: (internal_error) Received fatal alert: internal_error}}, {address=ac-aq6ded7-shard-00-02.god2vhg.mongodb.net:27017, type=UNKNOWN, state=CONNECTING, exception={com.mongodb.MongoSocketWriteException: Exception sending message}, caused by {javax.net.ssl.SSLException: (internal_error) Received fatal alert: internal_error}}]
	at com.mongodb.internal.connection.BaseCluster.logAndThrowTimeoutException(BaseCluster.java:431) ~[mongodb-driver-core-5.6.1.jar:?]
	at com.mongodb.internal.connection.BaseCluster.lambda$selectServer$0(BaseCluster.java:166) ~[mongodb-driver-core-5.6.1.jar:?]
	at com.mongodb.internal.time.Timeout.lambda$onExistsAndExpired$16(Timeout.java:238) ~[mongodb-driver-core-5.6.1.jar:?]
	at com.mongodb.internal.time.Timeout.lambda$run$10(Timeout.java:203) ~[mongodb-driver-core-5.6.1.jar:?]
	at com.mongodb.internal.time.TimePoint.checkedCall(TimePoint.java:99) ~[mongodb-driver-core-5.6.1.jar:?]
	at com.mongodb.internal.time.Timeout.call(Timeout.java:176) ~[mongodb-driver-core-5.6.1.jar:?]
	at com.mongodb.internal.time.Timeout.run(Timeout.java:196) ~[mongodb-driver-core-5.6.1.jar:?]
	at com.mongodb.internal.time.Timeout.onExistsAndExpired(Timeout.java:235) ~[mongodb-driver-core-5.6.1.jar:?]
	at com.mongodb.internal.time.Timeout.onExpired(Timeout.java:228) ~[mongodb-driver-core-5.6.1.jar:?]
	at com.mongodb.internal.connection.BaseCluster.selectServer(BaseCluster.java:165) ~[mongodb-driver-core-5.6.1.jar:?]
	at com.mongodb.internal.connection.AbstractMultiServerCluster.selectServer(AbstractMultiServerCluster.java:60) ~[mongodb-driver-core-5.6.1.jar:?]
	at com.mongodb.internal.binding.ClusterBinding.getReadConnectionSource(ClusterBinding.java:82) ~[mongodb-driver-core-5.6.1.jar:?]
	at com.mongodb.client.internal.ClientSessionBinding.getConnectionSource(ClientSessionBinding.java:108) ~[mongodb-driver-sync-5.6.1.jar:?]
	at com.mongodb.client.internal.ClientSessionBinding.getReadConnectionSource(ClientSessionBinding.java:88) ~[mongodb-driver-sync-5.6.1.jar:?]
	at com.mongodb.internal.operation.SyncOperationHelper.withSuppliedResource(SyncOperationHelper.java:148) ~[mongodb-driver-core-5.6.1.jar:?]
	at com.mongodb.internal.operation.SyncOperationHelper.withSourceAndConnection(SyncOperationHelper.java:129) ~[mongodb-driver-core-5.6.1.jar:?]
	at com.mongodb.internal.operation.SyncOperationHelper.lambda$executeRetryableRead$4(SyncOperationHelper.java:195) ~[mongodb-driver-core-5.6.1.jar:?]
	at com.mongodb.internal.operation.SyncOperationHelper.lambda$decorateReadWithRetries$13(SyncOperationHelper.java:317) ~[mongodb-driver-core-5.6.1.jar:?]
	at com.mongodb.internal.async.function.RetryingSyncSupplier.get(RetryingSyncSupplier.java:67) ~[mongodb-driver-core-5.6.1.jar:?]
	at com.mongodb.internal.operation.SyncOperationHelper.executeRetryableRead(SyncOperationHelper.java:201) ~[mongodb-driver-core-5.6.1.jar:?]
	at com.mongodb.internal.operation.SyncOperationHelper.executeRetryableRead(SyncOperationHelper.java:180) ~[mongodb-driver-core-5.6.1.jar:?]
	at com.mongodb.internal.operation.CommandReadOperation.execute(CommandReadOperation.java:60) ~[mongodb-driver-core-5.6.1.jar:?]
	at com.mongodb.client.internal.MongoClusterImpl$OperationExecutorImpl.execute(MongoClusterImpl.java:426) ~[mongodb-driver-sync-5.6.1.jar:?]
	at com.mongodb.client.internal.MongoDatabaseImpl.executeCommand(MongoDatabaseImpl.java:215) ~[mongodb-driver-sync-5.6.1.jar:?]
	at com.mongodb.client.internal.MongoDatabaseImpl.runCommand(MongoDatabaseImpl.java:184) ~[mongodb-driver-sync-5.6.1.jar:?]
	at com.mongodb.client.internal.MongoDatabaseImpl.runCommand(MongoDatabaseImpl.java:179) ~[mongodb-driver-sync-5.6.1.jar:?]
	at com.mongodb.client.internal.MongoDatabaseImpl.runCommand(MongoDatabaseImpl.java:169) ~[mongodb-driver-sync-5.6.1.jar:?]
	at Database.MongoManager.<init>(MongoManager.java:42) ~[classes/:?]
	at Database.MongoManager.getClient(MongoManager.java:57) ~[classes/:?]
	at Database.MongoManager.getDatabase(MongoManager.java:67) ~[classes/:?]
	at Main.GUI.MainApp.main(MainApp.java:46) ~[classes/:?]
	at jdk.internal.reflect.DirectMethodHandleAccessor.invoke(DirectMethodHandleAccessor.java:103) ~[?:?]
	at java.lang.reflect.Method.invoke(Method.java:580) ~[?:?]
	at org.codehaus.mojo.exec.AbstractExecJavaBase.executeMainMethod(AbstractExecJavaBase.java:402) ~[?:?]
	at org.codehaus.mojo.exec.ExecJavaMojo.executeMainMethod(ExecJavaMojo.java:142) ~[?:?]
	at org.codehaus.mojo.exec.AbstractExecJavaBase.doExecClassLoader(AbstractExecJavaBase.java:377) ~[?:?]
	at org.codehaus.mojo.exec.AbstractExecJavaBase.lambda$execute$0(AbstractExecJavaBase.java:287) ~[?:?]
	at java.lang.Thread.run(Thread.java:1575) [?:?]
2025-10-21 18:47:58.332 [Main.GUI.MainApp.main()] ERROR Database.MongoManager - ❌ Failed to connect to MongoDB.
com.mongodb.MongoTimeoutException: Timed out while waiting for a server that matches ReadPreferenceServerSelector{readPreference=primary}. Client view of cluster state is {type=REPLICA_SET, servers=[{address=ac-aq6ded7-shard-00-00.god2vhg.mongodb.net:27017, type=UNKNOWN, state=CONNECTING, exception={com.mongodb.MongoSocketWriteException: Exception sending message}, caused by {javax.net.ssl.SSLException: (internal_error) Received fatal alert: internal_error}}, {address=ac-aq6ded7-shard-00-01.god2vhg.mongodb.net:27017, type=UNKNOWN, state=CONNECTING, exception={com.mongodb.MongoSocketWriteException: Exception sending message}, caused by {javax.net.ssl.SSLException: (internal_error) Received fatal alert: internal_error}}, {address=ac-aq6ded7-shard-00-02.god2vhg.mongodb.net:27017, type=UNKNOWN, state=CONNECTING, exception={com.mongodb.MongoSocketWriteException: Exception sending message}, caused by {javax.net.ssl.SSLException: (internal_error) Received fatal alert: internal_error}}]
	at com.mongodb.internal.connection.BaseCluster.logAndThrowTimeoutException(BaseCluster.java:431) ~[mongodb-driver-core-5.6.1.jar:?]
	at com.mongodb.internal.connection.BaseCluster.lambda$selectServer$0(BaseCluster.java:166) ~[mongodb-driver-core-5.6.1.jar:?]
	at com.mongodb.internal.time.Timeout.lambda$onExistsAndExpired$16(Timeout.java:238) ~[mongodb-driver-core-5.6.1.jar:?]
	at com.mongodb.internal.time.Timeout.lambda$run$10(Timeout.java:203) ~[mongodb-driver-core-5.6.1.jar:?]
	at com.mongodb.internal.time.TimePoint.checkedCall(TimePoint.java:99) ~[mongodb-driver-core-5.6.1.jar:?]
	at com.mongodb.internal.time.Timeout.call(Timeout.java:176) ~[mongodb-driver-core-5.6.1.jar:?]
	at com.mongodb.internal.time.Timeout.run(Timeout.java:196) ~[mongodb-driver-core-5.6.1.jar:?]
	at com.mongodb.internal.time.Timeout.onExistsAndExpired(Timeout.java:235) ~[mongodb-driver-core-5.6.1.jar:?]
	at com.mongodb.internal.time.Timeout.onExpired(Timeout.java:228) ~[mongodb-driver-core-5.6.1.jar:?]
	at com.mongodb.internal.connection.BaseCluster.selectServer(BaseCluster.java:165) ~[mongodb-driver-core-5.6.1.jar:?]
	at com.mongodb.internal.connection.AbstractMultiServerCluster.selectServer(AbstractMultiServerCluster.java:60) ~[mongodb-driver-core-5.6.1.jar:?]
	at com.mongodb.internal.binding.ClusterBinding.getReadConnectionSource(ClusterBinding.java:82) ~[mongodb-driver-core-5.6.1.jar:?]
	at com.mongodb.client.internal.ClientSessionBinding.getConnectionSource(ClientSessionBinding.java:108) ~[mongodb-driver-sync-5.6.1.jar:?]
	at com.mongodb.client.internal.ClientSessionBinding.getReadConnectionSource(ClientSessionBinding.java:88) ~[mongodb-driver-sync-5.6.1.jar:?]
	at com.mongodb.internal.operation.SyncOperationHelper.withSuppliedResource(SyncOperationHelper.java:148) ~[mongodb-driver-core-5.6.1.jar:?]
	at com.mongodb.internal.operation.SyncOperationHelper.withSourceAndConnection(SyncOperationHelper.java:129) ~[mongodb-driver-core-5.6.1.jar:?]
	at com.mongodb.internal.operation.SyncOperationHelper.lambda$executeRetryableRead$4(SyncOperationHelper.java:195) ~[mongodb-driver-core-5.6.1.jar:?]
	at com.mongodb.internal.operation.SyncOperationHelper.lambda$decorateReadWithRetries$13(SyncOperationHelper.java:317) ~[mongodb-driver-core-5.6.1.jar:?]
	at com.mongodb.internal.async.function.RetryingSyncSupplier.get(RetryingSyncSupplier.java:67) ~[mongodb-driver-core-5.6.1.jar:?]
	at com.mongodb.internal.operation.SyncOperationHelper.executeRetryableRead(SyncOperationHelper.java:201) ~[mongodb-driver-core-5.6.1.jar:?]
	at com.mongodb.internal.operation.SyncOperationHelper.executeRetryableRead(SyncOperationHelper.java:180) ~[mongodb-driver-core-5.6.1.jar:?]
	at com.mongodb.internal.operation.CommandReadOperation.execute(CommandReadOperation.java:60) ~[mongodb-driver-core-5.6.1.jar:?]
	at com.mongodb.client.internal.MongoClusterImpl$OperationExecutorImpl.execute(MongoClusterImpl.java:426) ~[mongodb-driver-sync-5.6.1.jar:?]
	at com.mongodb.client.internal.MongoDatabaseImpl.executeCommand(MongoDatabaseImpl.java:215) ~[mongodb-driver-sync-5.6.1.jar:?]
	at com.mongodb.client.internal.MongoDatabaseImpl.runCommand(MongoDatabaseImpl.java:184) ~[mongodb-driver-sync-5.6.1.jar:?]
	at com.mongodb.client.internal.MongoDatabaseImpl.runCommand(MongoDatabaseImpl.java:179) ~[mongodb-driver-sync-5.6.1.jar:?]
	at com.mongodb.client.internal.MongoDatabaseImpl.runCommand(MongoDatabaseImpl.java:169) ~[mongodb-driver-sync-5.6.1.jar:?]
	at Database.MongoManager.<init>(MongoManager.java:42) ~[classes/:?]
	at Database.MongoManager.getClient(MongoManager.java:57) ~[classes/:?]
	at Database.MongoManager.getDatabase(MongoManager.java:67) ~[classes/:?]
	at Main.GUI.MainApp.main(MainApp.java:47) ~[classes/:?]
	at jdk.internal.reflect.DirectMethodHandleAccessor.invoke(DirectMethodHandleAccessor.java:103) ~[?:?]
	at java.lang.reflect.Method.invoke(Method.java:580) ~[?:?]
	at org.codehaus.mojo.exec.AbstractExecJavaBase.executeMainMethod(AbstractExecJavaBase.java:402) ~[?:?]
	at org.codehaus.mojo.exec.ExecJavaMojo.executeMainMethod(ExecJavaMojo.java:142) ~[?:?]
	at org.codehaus.mojo.exec.AbstractExecJavaBase.doExecClassLoader(AbstractExecJavaBase.java:377) ~[?:?]
	at org.codehaus.mojo.exec.AbstractExecJavaBase.lambda$execute$0(AbstractExecJavaBase.java:287) ~[?:?]
	at java.lang.Thread.run(Thread.java:1575) [?:?]
2025-10-21 21:31:55.732 [Main.GUI.MainApp.main()] ERROR Main.GUI.MainApp - FATAL: Could not initialize MongoDB connection. Exiting application.
java.lang.NullPointerException: Cannot invoke "String.startsWith(String)" because "connectionString" is null
	at com.mongodb.ConnectionString.<init>(ConnectionString.java:360) ~[mongodb-driver-core-5.6.1.jar:?]
	at com.mongodb.ConnectionString.<init>(ConnectionString.java:344) ~[mongodb-driver-core-5.6.1.jar:?]
	at Database.MongoManager.<init>(MongoManager.java:22) ~[classes/:?]
	at Database.MongoManager.getClient(MongoManager.java:36) ~[classes/:?]
	at Database.MongoManager.getDatabase(MongoManager.java:42) ~[classes/:?]
	at Main.GUI.MainApp.main(MainApp.java:53) ~[classes/:?]
	at jdk.internal.reflect.DirectMethodHandleAccessor.invoke(DirectMethodHandleAccessor.java:103) ~[?:?]
	at java.lang.reflect.Method.invoke(Method.java:580) ~[?:?]
	at org.codehaus.mojo.exec.AbstractExecJavaBase.executeMainMethod(AbstractExecJavaBase.java:402) ~[?:?]
	at org.codehaus.mojo.exec.ExecJavaMojo.executeMainMethod(ExecJavaMojo.java:142) ~[?:?]
	at org.codehaus.mojo.exec.AbstractExecJavaBase.doExecClassLoader(AbstractExecJavaBase.java:377) ~[?:?]
	at org.codehaus.mojo.exec.AbstractExecJavaBase.lambda$execute$0(AbstractExecJavaBase.java:287) ~[?:?]
	at java.lang.Thread.run(Thread.java:1575) [?:?]
2025-10-21 21:36:14.906 [Main.GUI.MainApp.main()] ERROR Main.GUI.MainApp - FATAL: Could not initialize MongoDB connection. Exiting application.
java.lang.NullPointerException: Cannot invoke "String.startsWith(String)" because "connectionString" is null
	at com.mongodb.ConnectionString.<init>(ConnectionString.java:360) ~[mongodb-driver-core-5.6.1.jar:?]
	at com.mongodb.ConnectionString.<init>(ConnectionString.java:344) ~[mongodb-driver-core-5.6.1.jar:?]
	at Database.MongoManager.<init>(MongoManager.java:22) ~[classes/:?]
	at Database.MongoManager.getClient(MongoManager.java:36) ~[classes/:?]
	at Database.MongoManager.getDatabase(MongoManager.java:42) ~[classes/:?]
	at Main.GUI.MainApp.main(MainApp.java:55) ~[classes/:?]
	at jdk.internal.reflect.DirectMethodHandleAccessor.invoke(DirectMethodHandleAccessor.java:103) ~[?:?]
	at java.lang.reflect.Method.invoke(Method.java:580) ~[?:?]
	at org.codehaus.mojo.exec.AbstractExecJavaBase.executeMainMethod(AbstractExecJavaBase.java:402) ~[?:?]
	at org.codehaus.mojo.exec.ExecJavaMojo.executeMainMethod(ExecJavaMojo.java:142) ~[?:?]
	at org.codehaus.mojo.exec.AbstractExecJavaBase.doExecClassLoader(AbstractExecJavaBase.java:377) ~[?:?]
	at org.codehaus.mojo.exec.AbstractExecJavaBase.lambda$execute$0(AbstractExecJavaBase.java:287) ~[?:?]
	at java.lang.Thread.run(Thread.java:1575) [?:?]
2025-11-05 21:52:10.151 [Main.GUI.MainApp.main()] ERROR Main.GUI.MainApp - FATAL: Could not initialize MongoDB connection. Exiting application.
io.github.cdimascio.dotenv.DotenvException: Could not find /.env on the classpath
	at io.github.cdimascio.dotenv.internal.ClasspathHelper.loadFileFromClasspath(ClasspathHelper.java:26) ~[dotenv-java-2.3.2.jar:?]
	at io.github.cdimascio.dotenv.internal.DotenvReader.read(DotenvReader.java:55) ~[dotenv-java-2.3.2.jar:?]
	at io.github.cdimascio.dotenv.internal.DotenvParser.lines(DotenvParser.java:80) ~[dotenv-java-2.3.2.jar:?]
	at io.github.cdimascio.dotenv.internal.DotenvParser.parse(DotenvParser.java:62) ~[dotenv-java-2.3.2.jar:?]
	at io.github.cdimascio.dotenv.DotenvBuilder.load(DotenvBuilder.java:77) ~[dotenv-java-2.3.2.jar:?]
	at io.github.cdimascio.dotenv.Dotenv.load(Dotenv.java:38) ~[dotenv-java-2.3.2.jar:?]
	at Database.MongoManager.<init>(MongoManager.java:22) ~[classes/:?]
	at Database.MongoManager.getClient(MongoManager.java:38) ~[classes/:?]
	at Database.MongoManager.getDatabase(MongoManager.java:44) ~[classes/:?]
	at Main.GUI.MainApp.main(MainApp.java:54) ~[classes/:?]
	at jdk.internal.reflect.DirectMethodHandleAccessor.invoke(DirectMethodHandleAccessor.java:103) ~[?:?]
	at java.lang.reflect.Method.invoke(Method.java:580) ~[?:?]
	at org.codehaus.mojo.exec.AbstractExecJavaBase.executeMainMethod(AbstractExecJavaBase.java:402) ~[?:?]
	at org.codehaus.mojo.exec.ExecJavaMojo.executeMainMethod(ExecJavaMojo.java:142) ~[?:?]
	at org.codehaus.mojo.exec.AbstractExecJavaBase.doExecClassLoader(AbstractExecJavaBase.java:377) ~[?:?]
	at org.codehaus.mojo.exec.AbstractExecJavaBase.lambda$execute$0(AbstractExecJavaBase.java:287) ~[?:?]
	at java.lang.Thread.run(Thread.java:1575) [?:?]
	Suppressed: io.github.cdimascio.dotenv.DotenvException: Could not find ./.env on the file system (working directory: /Users/svenfischer/Desktop/TheLastSurvivor/TheLastSurvivor)
		at io.github.cdimascio.dotenv.internal.DotenvReader.read(DotenvReader.java:60) ~[dotenv-java-2.3.2.jar:?]
		at io.github.cdimascio.dotenv.internal.DotenvParser.lines(DotenvParser.java:80) ~[dotenv-java-2.3.2.jar:?]
		at io.github.cdimascio.dotenv.internal.DotenvParser.parse(DotenvParser.java:62) ~[dotenv-java-2.3.2.jar:?]
		at io.github.cdimascio.dotenv.DotenvBuilder.load(DotenvBuilder.java:77) ~[dotenv-java-2.3.2.jar:?]
		at io.github.cdimascio.dotenv.Dotenv.load(Dotenv.java:38) ~[dotenv-java-2.3.2.jar:?]
		at Database.MongoManager.<init>(MongoManager.java:22) ~[classes/:?]
		at Database.MongoManager.getClient(MongoManager.java:38) ~[classes/:?]
		at Database.MongoManager.getDatabase(MongoManager.java:44) ~[classes/:?]
		at Main.GUI.MainApp.main(MainApp.java:54) ~[classes/:?]
		at jdk.internal.reflect.DirectMethodHandleAccessor.invoke(DirectMethodHandleAccessor.java:103) ~[?:?]
		at java.lang.reflect.Method.invoke(Method.java:580) ~[?:?]
		at org.codehaus.mojo.exec.AbstractExecJavaBase.executeMainMethod(AbstractExecJavaBase.java:402) ~[?:?]
		at org.codehaus.mojo.exec.ExecJavaMojo.executeMainMethod(ExecJavaMojo.java:142) ~[?:?]
		at org.codehaus.mojo.exec.AbstractExecJavaBase.doExecClassLoader(AbstractExecJavaBase.java:377) ~[?:?]
		at org.codehaus.mojo.exec.AbstractExecJavaBase.lambda$execute$0(AbstractExecJavaBase.java:287) ~[?:?]
		at java.lang.Thread.run(Thread.java:1575) [?:?]
2025-11-05 21:53:29.276 [Main.GUI.MainApp.main()] ERROR Main.GUI.MainApp - FATAL: Could not initialize MongoDB connection. Exiting application.
io.github.cdimascio.dotenv.DotenvException: Could not find /.env on the classpath
	at io.github.cdimascio.dotenv.internal.ClasspathHelper.loadFileFromClasspath(ClasspathHelper.java:26) ~[dotenv-java-2.3.2.jar:?]
	at io.github.cdimascio.dotenv.internal.DotenvReader.read(DotenvReader.java:55) ~[dotenv-java-2.3.2.jar:?]
	at io.github.cdimascio.dotenv.internal.DotenvParser.lines(DotenvParser.java:80) ~[dotenv-java-2.3.2.jar:?]
	at io.github.cdimascio.dotenv.internal.DotenvParser.parse(DotenvParser.java:62) ~[dotenv-java-2.3.2.jar:?]
	at io.github.cdimascio.dotenv.DotenvBuilder.load(DotenvBuilder.java:77) ~[dotenv-java-2.3.2.jar:?]
	at io.github.cdimascio.dotenv.Dotenv.load(Dotenv.java:38) ~[dotenv-java-2.3.2.jar:?]
	at Database.MongoManager.<init>(MongoManager.java:22) ~[classes/:?]
	at Database.MongoManager.getClient(MongoManager.java:38) ~[classes/:?]
	at Database.MongoManager.getDatabase(MongoManager.java:44) ~[classes/:?]
	at Main.GUI.MainApp.main(MainApp.java:54) ~[classes/:?]
	at jdk.internal.reflect.DirectMethodHandleAccessor.invoke(DirectMethodHandleAccessor.java:103) ~[?:?]
	at java.lang.reflect.Method.invoke(Method.java:580) ~[?:?]
	at org.codehaus.mojo.exec.AbstractExecJavaBase.executeMainMethod(AbstractExecJavaBase.java:402) ~[?:?]
	at org.codehaus.mojo.exec.ExecJavaMojo.executeMainMethod(ExecJavaMojo.java:142) ~[?:?]
	at org.codehaus.mojo.exec.AbstractExecJavaBase.doExecClassLoader(AbstractExecJavaBase.java:377) ~[?:?]
	at org.codehaus.mojo.exec.AbstractExecJavaBase.lambda$execute$0(AbstractExecJavaBase.java:287) ~[?:?]
	at java.lang.Thread.run(Thread.java:1575) [?:?]
	Suppressed: io.github.cdimascio.dotenv.DotenvException: Could not find ./.env on the file system (working directory: /Users/svenfischer/Desktop/TheLastSurvivor/TheLastSurvivor)
		at io.github.cdimascio.dotenv.internal.DotenvReader.read(DotenvReader.java:60) ~[dotenv-java-2.3.2.jar:?]
		at io.github.cdimascio.dotenv.internal.DotenvParser.lines(DotenvParser.java:80) ~[dotenv-java-2.3.2.jar:?]
		at io.github.cdimascio.dotenv.internal.DotenvParser.parse(DotenvParser.java:62) ~[dotenv-java-2.3.2.jar:?]
		at io.github.cdimascio.dotenv.DotenvBuilder.load(DotenvBuilder.java:77) ~[dotenv-java-2.3.2.jar:?]
		at io.github.cdimascio.dotenv.Dotenv.load(Dotenv.java:38) ~[dotenv-java-2.3.2.jar:?]
		at Database.MongoManager.<init>(MongoManager.java:22) ~[classes/:?]
		at Database.MongoManager.getClient(MongoManager.java:38) ~[classes/:?]
		at Database.MongoManager.getDatabase(MongoManager.java:44) ~[classes/:?]
		at Main.GUI.MainApp.main(MainApp.java:54) ~[classes/:?]
		at jdk.internal.reflect.DirectMethodHandleAccessor.invoke(DirectMethodHandleAccessor.java:103) ~[?:?]
		at java.lang.reflect.Method.invoke(Method.java:580) ~[?:?]
		at org.codehaus.mojo.exec.AbstractExecJavaBase.executeMainMethod(AbstractExecJavaBase.java:402) ~[?:?]
		at org.codehaus.mojo.exec.ExecJavaMojo.executeMainMethod(ExecJavaMojo.java:142) ~[?:?]
		at org.codehaus.mojo.exec.AbstractExecJavaBase.doExecClassLoader(AbstractExecJavaBase.java:377) ~[?:?]
		at org.codehaus.mojo.exec.AbstractExecJavaBase.lambda$execute$0(AbstractExecJavaBase.java:287) ~[?:?]
		at java.lang.Thread.run(Thread.java:1575) [?:?]
2025-11-05 21:53:35.213 [Main.GUI.MainApp.main()] ERROR Main.GUI.MainApp - FATAL: Could not initialize MongoDB connection. Exiting application.
io.github.cdimascio.dotenv.DotenvException: Could not find /.env on the classpath
	at io.github.cdimascio.dotenv.internal.ClasspathHelper.loadFileFromClasspath(ClasspathHelper.java:26) ~[dotenv-java-2.3.2.jar:?]
	at io.github.cdimascio.dotenv.internal.DotenvReader.read(DotenvReader.java:55) ~[dotenv-java-2.3.2.jar:?]
	at io.github.cdimascio.dotenv.internal.DotenvParser.lines(DotenvParser.java:80) ~[dotenv-java-2.3.2.jar:?]
	at io.github.cdimascio.dotenv.internal.DotenvParser.parse(DotenvParser.java:62) ~[dotenv-java-2.3.2.jar:?]
	at io.github.cdimascio.dotenv.DotenvBuilder.load(DotenvBuilder.java:77) ~[dotenv-java-2.3.2.jar:?]
	at io.github.cdimascio.dotenv.Dotenv.load(Dotenv.java:38) ~[dotenv-java-2.3.2.jar:?]
	at Database.MongoManager.<init>(MongoManager.java:22) ~[classes/:?]
	at Database.MongoManager.getClient(MongoManager.java:38) ~[classes/:?]
	at Database.MongoManager.getDatabase(MongoManager.java:44) ~[classes/:?]
	at Main.GUI.MainApp.main(MainApp.java:54) ~[classes/:?]
	at jdk.internal.reflect.DirectMethodHandleAccessor.invoke(DirectMethodHandleAccessor.java:103) ~[?:?]
	at java.lang.reflect.Method.invoke(Method.java:580) ~[?:?]
	at org.codehaus.mojo.exec.AbstractExecJavaBase.executeMainMethod(AbstractExecJavaBase.java:402) ~[?:?]
	at org.codehaus.mojo.exec.ExecJavaMojo.executeMainMethod(ExecJavaMojo.java:142) ~[?:?]
	at org.codehaus.mojo.exec.AbstractExecJavaBase.doExecClassLoader(AbstractExecJavaBase.java:377) ~[?:?]
	at org.codehaus.mojo.exec.AbstractExecJavaBase.lambda$execute$0(AbstractExecJavaBase.java:287) ~[?:?]
	at java.lang.Thread.run(Thread.java:1575) [?:?]
	Suppressed: io.github.cdimascio.dotenv.DotenvException: Could not find ./.env on the file system (working directory: /Users/svenfischer/Desktop/TheLastSurvivor/TheLastSurvivor)
		at io.github.cdimascio.dotenv.internal.DotenvReader.read(DotenvReader.java:60) ~[dotenv-java-2.3.2.jar:?]
		at io.github.cdimascio.dotenv.internal.DotenvParser.lines(DotenvParser.java:80) ~[dotenv-java-2.3.2.jar:?]
		at io.github.cdimascio.dotenv.internal.DotenvParser.parse(DotenvParser.java:62) ~[dotenv-java-2.3.2.jar:?]
		at io.github.cdimascio.dotenv.DotenvBuilder.load(DotenvBuilder.java:77) ~[dotenv-java-2.3.2.jar:?]
		at io.github.cdimascio.dotenv.Dotenv.load(Dotenv.java:38) ~[dotenv-java-2.3.2.jar:?]
		at Database.MongoManager.<init>(MongoManager.java:22) ~[classes/:?]
		at Database.MongoManager.getClient(MongoManager.java:38) ~[classes/:?]
		at Database.MongoManager.getDatabase(MongoManager.java:44) ~[classes/:?]
		at Main.GUI.MainApp.main(MainApp.java:54) ~[classes/:?]
		at jdk.internal.reflect.DirectMethodHandleAccessor.invoke(DirectMethodHandleAccessor.java:103) ~[?:?]
		at java.lang.reflect.Method.invoke(Method.java:580) ~[?:?]
		at org.codehaus.mojo.exec.AbstractExecJavaBase.executeMainMethod(AbstractExecJavaBase.java:402) ~[?:?]
		at org.codehaus.mojo.exec.ExecJavaMojo.executeMainMethod(ExecJavaMojo.java:142) ~[?:?]
		at org.codehaus.mojo.exec.AbstractExecJavaBase.doExecClassLoader(AbstractExecJavaBase.java:377) ~[?:?]
		at org.codehaus.mojo.exec.AbstractExecJavaBase.lambda$execute$0(AbstractExecJavaBase.java:287) ~[?:?]
		at java.lang.Thread.run(Thread.java:1575) [?:?]
